Packages found: ['torch_kpu']
running build_clib
running build_ext
running bdist_wheel
running build
running build_py
running egg_info
writing dl_install/python/torch_kpu.egg-info/PKG-INFO
writing dependency_links to dl_install/python/torch_kpu.egg-info/dependency_links.txt
writing top-level names to dl_install/python/torch_kpu.egg-info/top_level.txt
reading manifest file 'dl_install/python/torch_kpu.egg-info/SOURCES.txt'
adding license file 'LICENSE'
writing manifest file 'dl_install/python/torch_kpu.egg-info/SOURCES.txt'
/usr/local/lib/python3.10/dist-packages/setuptools/_distutils/cmd.py:90: SetuptoolsDeprecationWarning: setup.py install is deprecated.
!!

        ********************************************************************************
        Please avoid running ``setup.py`` directly.
        Instead, use pypa/build, pypa/installer or other
        standards-based tools.

        This deprecation is overdue, please update your project and remove deprecated
        calls to avoid build errors in the future.

        See https://blog.ganssle.io/articles/2021/10/setup-py-deprecated.html for details.
        ********************************************************************************

!!
  self.initialize_options()
installing to build/bdist.linux-x86_64/wheel
running install
running install_lib
creating build/bdist.linux-x86_64/wheel
creating build/bdist.linux-x86_64/wheel/torch_kpu
copying build/lib/torch_kpu/__init__.py -> build/bdist.linux-x86_64/wheel/./torch_kpu
copying build/lib/torch_kpu/libtorch_kpu.so -> build/bdist.linux-x86_64/wheel/./torch_kpu
running install_egg_info
Copying dl_install/python/torch_kpu.egg-info to build/bdist.linux-x86_64/wheel/./torch_kpu-0.0.1-py3.10.egg-info
running install_scripts
creating build/bdist.linux-x86_64/wheel/torch_kpu-0.0.1.dist-info/WHEEL
creating 'dist/torch_kpu-0.0.1-py3-none-any.whl' and adding 'build/bdist.linux-x86_64/wheel' to it
adding 'torch_kpu/__init__.py'
adding 'torch_kpu/libtorch_kpu.so'
adding 'torch_kpu-0.0.1.dist-info/licenses/LICENSE'
adding 'torch_kpu-0.0.1.dist-info/METADATA'
adding 'torch_kpu-0.0.1.dist-info/WHEEL'
adding 'torch_kpu-0.0.1.dist-info/top_level.txt'
adding 'torch_kpu-0.0.1.dist-info/RECORD'
removing build/bdist.linux-x86_64/wheel
